<?xml version="1.0" encoding="UTF-8"?>
<testsuite name="ru.nsu.baev.MainTest" tests="1" skipped="0" failures="0" errors="0" timestamp="2024-10-14T07:04:10" hostname="MacBook-Air-Tanya.local" time="0.011">
  <properties/>
  <testcase name="testHeapSort4()" classname="ru.nsu.baev.MainTest" time="0.011"/>
  <system-out><![CDATA[]]></system-out>
  <system-err><![CDATA[]]></system-err>
</testsuite>
