<?xml version="1.0" encoding="UTF-8"?>
<testsuite name="ru.nsu.baev.MainTest" tests="1" skipped="0" failures="0" errors="0" timestamp="2024-10-14T06:23:20" hostname="MacBook-Air-Tanya.local" time="0.012">
  <properties/>
  <testcase name="testGetGreeting()" classname="ru.nsu.baev.MainTest" time="0.012"/>
  <system-out><![CDATA[]]></system-out>
  <system-err><![CDATA[]]></system-err>
</testsuite>
