<?xml version="1.0" encoding="UTF-8"?>
<testsuite name="ru.nsu.baev.TestExpression" tests="1" skipped="0" failures="0" errors="0" timestamp="2024-12-03T06:30:26" hostname="MacBook-Air-Chtulhu.local" time="0.01">
  <properties/>
  <testcase name="simplificationTest()" classname="ru.nsu.baev.TestExpression" time="0.01"/>
  <system-out><![CDATA[5]]></system-out>
  <system-err><![CDATA[]]></system-err>
</testsuite>
