<?xml version="1.0" encoding="UTF-8"?>
<testsuite name="ru.nsu.baev.TestExpression" tests="1" skipped="0" failures="0" errors="0" timestamp="2024-12-02T16:47:04" hostname="MacBook-Air-Chtulhu.local" time="0.011">
  <properties/>
  <testcase name="printTest2()" classname="ru.nsu.baev.TestExpression" time="0.011"/>
  <system-out><![CDATA[]]></system-out>
  <system-err><![CDATA[]]></system-err>
</testsuite>
