<?xml version="1.0" encoding="UTF-8"?>
<testsuite name="ru.nsu.baev.BakerTest" tests="3" skipped="0" failures="0" errors="0" timestamp="2025-05-12T08:51:42" hostname="WS4211-17" time="2.295">
  <properties/>
  <testcase name="testBakerProcessesOrderSuccessfully()" classname="ru.nsu.baev.BakerTest" time="1.412"/>
  <testcase name="testBakerRequeuesOrderIfInterruptedDuringBaking()" classname="ru.nsu.baev.BakerTest" time="0.635"/>
  <testcase name="testBakerSkipsNullOrdersUntilTimeRunsOut()" classname="ru.nsu.baev.BakerTest" time="0.242"/>
  <system-out><![CDATA[]]></system-out>
  <system-err><![CDATA[WARNING: A Java agent has been loaded dynamically (C:\Users\e.cheremushkin\.gradle\caches\modules-2\files-2.1\net.bytebuddy\byte-buddy-agent\1.14.12\be4984cb6fd1ef1d11f218a648889dfda44b8a15\byte-buddy-agent-1.14.12.jar)
WARNING: If a serviceability tool is in use, please run with -XX:+EnableDynamicAgentLoading to hide this warning
WARNING: If a serviceability tool is not in use, please run with -Djdk.instrument.traceUsage for more information
WARNING: Dynamic loading of agents will be disallowed by default in a future release
]]></system-err>
</testsuite>
